#-----------------------------------------------------------
# updatemem v2022.2 (64-bit)
# SW Build 3671981 on Fri Oct 14 05:00:03 MDT 2022
# IP Build 3669848 on Fri Oct 14 08:30:02 MDT 2022
# Start of session at: Mon May 15 02:13:20 2023
# Process ID: 7896
# Current directory: C:/Users/Checkout/Desktop/EE 277A/277A project/Vivado project
# Command line: updatemem.exe -mode batch -source C:/Xilinx/Vivado/2022.2/scripts/updatemem/main.tcl -notrace -tclargs -meminfo bram.mmi -data code.mem -proc my_bram -bit C:/Users/Checkout/Desktop/EE 277A/277A project/Vivado project/Lab9.runs/impl_1/AHBLITE_SYS.bit -out reflash.bit -force -debug
# Log file: C:/Users/Checkout/Desktop/EE 277A/277A project/Vivado project/updatemem.log
# Journal file: C:/Users/Checkout/Desktop/EE 277A/277A project/Vivado project\updatemem.jou
# Running On: 177Latitude3410, OS: Windows, CPU Frequency: 2112 MHz, CPU Physical cores: 4, Host memory: 8339 MB
#-----------------------------------------------------------
source C:/Xilinx/Vivado/2022.2/scripts/updatemem/main.tcl -notrace
Command: update_mem -meminfo bram.mmi -data code.mem -proc my_bram -bit {C:/Users/Checkout/Desktop/EE 277A/277A project/Vivado project/Lab9.runs/impl_1/AHBLITE_SYS.bit} -out reflash.bit -force -debug
Loading bitfile C:/Users/Checkout/Desktop/EE 277A/277A project/Vivado project/Lab9.runs/impl_1/AHBLITE_SYS.bit
Loading data files...
Updating memory content...
Creating bitstream...
Writing bitstream reflash.bit...
0 Infos, 0 Warnings, 0 Critical Warnings and 0 Errors encountered.
update_mem completed successfully
update_mem: Time (s): cpu = 00:00:10 ; elapsed = 00:00:11 . Memory (MB): peak = 598.691 ; gain = 507.340
INFO: [Common 17-206] Exiting updatemem at Mon May 15 02:13:30 2023...
